<?xml version="1.0" encoding="UTF-8"?>
<!-- Generated by org.testng.reporters.JUnitReportReporter -->
<testsuite name="com.hybridFramework.AddMaker.AddRoutingMakerTest" tests="12" time="252.651" ignored="0" failures="0" timestamp="01 Sep 2020 16:57:47 GMT" skipped="0" hostname="API-Laptop-065" errors="1">
  <testcase name="testToLoginAddRoutingMaker" time="1.782" classname="com.hybridFramework.AddMaker.AddRoutingMakerTest"/>
  <testcase name="testToAddRoutingChekerlogin" time="12.063" classname="com.hybridFramework.AddMaker.AddRoutingMakerTest"/>
  <testcase name="gotoMakerCheckerApprovedRoutingCheckerpage" time="58.499" classname="com.hybridFramework.AddMaker.AddRoutingMakerTest"/>
  <testcase name="verifyAddRoutingCheckerPageListAfterModificationhasDoneByMaker" time="1.792" classname="com.hybridFramework.AddMaker.AddRoutingMakerTest"/>
  <testcase name="goToTheRoutingMakerToVerifyCheckerHasApprovedTheModifyData" time="70.550" classname="com.hybridFramework.AddMaker.AddRoutingMakerTest"/>
  <testcase name="testloginToAddRoutingCheckerToVerifyCheckerViewPageWhenModifedTheAddRoutingMaker" time="31.146" classname="com.hybridFramework.AddMaker.AddRoutingMakerTest">
    <error type="org.openqa.selenium.NoSuchElementException" message="no such element: Unable to locate element: {&quot;method&quot;:&quot;xpath&quot;,&quot;selector&quot;:&quot;//input[@type=&#039;text&#039;]&quot;}
  (Session info: chrome=84.0.4147.135)
For documentation on this error, please visit: http://seleniumhq.org/exceptions/no_such_element.html
Build info: version: &#039;3.4.0&#039;, revision: &#039;unknown&#039;, time: &#039;unknown&#039;
System info: host: &#039;API-LAPTOP-065&#039;, ip: &#039;192.168.0.101&#039;, os.name: &#039;Windows 10&#039;, os.arch: &#039;amd64&#039;, os.version: &#039;10.0&#039;, java.version: &#039;1.8.0_121&#039;
Driver info: org.openqa.selenium.chrome.ChromeDriver
Capabilities [{networkConnectionEnabled=false, chrome={chromedriverVersion=83.0.4103.39 (ccbf011cb2d2b19b506d844400483861342c20cd-refs/branch-heads/4103@{#416}), userDataDir=C:\Users\GHULAM~1.SAR\AppData\Local\Temp\scoped_dir1320_1543513062}, timeouts={implicit=0.0, pageLoad=300000.0, script=30000.0}, pageLoadStrategy=normal, unhandledPromptBehavior=dismiss and notify, strictFileInteractability=false, platform=ANY, proxy=Proxy(), goog:chromeOptions={debuggerAddress=localhost:63008}, acceptInsecureCerts=false, browserVersion=84.0.4147.135, browserName=chrome, javascriptEnabled=true, platformName=windows, setWindowRect=true, webauthn:virtualAuthenticators=true}]
Session ID: 774271cc89715f48aa2ecb4019d9840e
*** Element info: {Using=xpath, value=//input[@type=&#039;text&#039;]}">
      <![CDATA[org.openqa.selenium.NoSuchElementException: no such element: Unable to locate element: {"method":"xpath","selector":"//input[@type='text']"}
  (Session info: chrome=84.0.4147.135)
For documentation on this error, please visit: http://seleniumhq.org/exceptions/no_such_element.html
Build info: version: '3.4.0', revision: 'unknown', time: 'unknown'
System info: host: 'API-LAPTOP-065', ip: '192.168.0.101', os.name: 'Windows 10', os.arch: 'amd64', os.version: '10.0', java.version: '1.8.0_121'
Driver info: org.openqa.selenium.chrome.ChromeDriver
Capabilities [{networkConnectionEnabled=false, chrome={chromedriverVersion=83.0.4103.39 (ccbf011cb2d2b19b506d844400483861342c20cd-refs/branch-heads/4103@{#416}), userDataDir=C:\Users\GHULAM~1.SAR\AppData\Local\Temp\scoped_dir1320_1543513062}, timeouts={implicit=0.0, pageLoad=300000.0, script=30000.0}, pageLoadStrategy=normal, unhandledPromptBehavior=dismiss and notify, strictFileInteractability=false, platform=ANY, proxy=Proxy(), goog:chromeOptions={debuggerAddress=localhost:63008}, acceptInsecureCerts=false, browserVersion=84.0.4147.135, browserName=chrome, javascriptEnabled=true, platformName=windows, setWindowRect=true, webauthn:virtualAuthenticators=true}]
Session ID: 774271cc89715f48aa2ecb4019d9840e
*** Element info: {Using=xpath, value=//input[@type='text']}
	at sun.reflect.NativeConstructorAccessorImpl.newInstance0(Native Method)
	at sun.reflect.NativeConstructorAccessorImpl.newInstance(Unknown Source)
	at sun.reflect.DelegatingConstructorAccessorImpl.newInstance(Unknown Source)
	at java.lang.reflect.Constructor.newInstance(Unknown Source)
	at org.openqa.selenium.remote.http.W3CHttpResponseCodec.createException(W3CHttpResponseCodec.java:150)
	at org.openqa.selenium.remote.http.W3CHttpResponseCodec.decode(W3CHttpResponseCodec.java:115)
	at org.openqa.selenium.remote.http.W3CHttpResponseCodec.decode(W3CHttpResponseCodec.java:45)
	at org.openqa.selenium.remote.HttpCommandExecutor.execute(HttpCommandExecutor.java:164)
	at org.openqa.selenium.remote.service.DriverCommandExecutor.execute(DriverCommandExecutor.java:82)
	at org.openqa.selenium.remote.RemoteWebDriver.execute(RemoteWebDriver.java:637)
	at org.openqa.selenium.remote.RemoteWebDriver.findElement(RemoteWebDriver.java:410)
	at org.openqa.selenium.remote.RemoteWebDriver.findElementByXPath(RemoteWebDriver.java:509)
	at org.openqa.selenium.By$ByXPath.findElement(By.java:361)
	at org.openqa.selenium.remote.RemoteWebDriver.findElement(RemoteWebDriver.java:402)
	at org.openqa.selenium.support.pagefactory.DefaultElementLocator.findElement(DefaultElementLocator.java:69)
	at org.openqa.selenium.support.pagefactory.internal.LocatingElementHandler.invoke(LocatingElementHandler.java:38)
	at com.sun.proxy.$Proxy9.clear(Unknown Source)
	at com.hybridFramework.PageObject.AddRoutingMaker.verifyViewpagesBySearchFieldWhenModifyAndApprovedDoneByChecker(AddRoutingMaker.java:1049)
	at com.hybridFramework.AddMaker.AddRoutingMakerTest.testloginToAddRoutingCheckerToVerifyCheckerViewPageWhenModifedTheAddRoutingMaker(AddRoutingMakerTest.java:231)
	at sun.reflect.NativeMethodAccessorImpl.invoke0(Native Method)
	at sun.reflect.NativeMethodAccessorImpl.invoke(Unknown Source)
	at sun.reflect.DelegatingMethodAccessorImpl.invoke(Unknown Source)
	at java.lang.reflect.Method.invoke(Unknown Source)
	at org.testng.internal.MethodInvocationHelper.invokeMethod(MethodInvocationHelper.java:104)
	at org.testng.internal.Invoker.invokeMethod(Invoker.java:645)
	at org.testng.internal.Invoker.invokeTestMethod(Invoker.java:851)
	at org.testng.internal.Invoker.invokeTestMethods(Invoker.java:1177)
	at org.testng.internal.TestMethodWorker.invokeTestMethods(TestMethodWorker.java:129)
	at org.testng.internal.TestMethodWorker.run(TestMethodWorker.java:112)
	at org.testng.TestRunner.privateRun(TestRunner.java:756)
	at org.testng.TestRunner.run(TestRunner.java:610)
	at org.testng.SuiteRunner.runTest(SuiteRunner.java:387)
	at org.testng.SuiteRunner.runSequentially(SuiteRunner.java:382)
	at org.testng.SuiteRunner.privateRun(SuiteRunner.java:340)
	at org.testng.SuiteRunner.run(SuiteRunner.java:289)
	at org.testng.SuiteRunnerWorker.runSuite(SuiteRunnerWorker.java:52)
	at org.testng.SuiteRunnerWorker.run(SuiteRunnerWorker.java:86)
	at org.testng.TestNG.runSuitesSequentially(TestNG.java:1293)
	at org.testng.TestNG.runSuitesLocally(TestNG.java:1218)
	at org.testng.TestNG.runSuites(TestNG.java:1133)
	at org.testng.TestNG.run(TestNG.java:1104)
	at org.testng.remote.AbstractRemoteTestNG.run(AbstractRemoteTestNG.java:115)
	at org.testng.remote.RemoteTestNG.initAndRun(RemoteTestNG.java:251)
	at org.testng.remote.RemoteTestNG.main(RemoteTestNG.java:77)
]]>
    </error>
  </testcase> <!-- testloginToAddRoutingCheckerToVerifyCheckerViewPageWhenModifedTheAddRoutingMaker -->
  <testcase name="switchTowindowModifyViewPageToAddRoutingMakerPage" time="16.016" classname="com.hybridFramework.AddMaker.AddRoutingMakerTest"/>
  <testcase name="testToAddRoutingMakerPage" time="36.262" classname="com.hybridFramework.AddMaker.AddRoutingMakerTest"/>
  <testcase name="clickonsubmitbuttonAndverifySuccesfullMessagePage" time="0.426" classname="com.hybridFramework.AddMaker.AddRoutingMakerTest"/>
  <testcase name="testloginToAddRoutingChecker" time="5.899" classname="com.hybridFramework.AddMaker.AddRoutingMakerTest"/>
  <testcase name="switchToMainwindow" time="17.065" classname="com.hybridFramework.AddMaker.AddRoutingMakerTest"/>
  <testcase name="verifyAddcheckerListinAddRoutingCheckerpage" time="1.151" classname="com.hybridFramework.AddMaker.AddRoutingMakerTest"/>
</testsuite> <!-- com.hybridFramework.AddMaker.AddRoutingMakerTest -->
