<?xml version="1.0" encoding="UTF-8"?>
<!-- Generated by org.testng.reporters.JUnitReportReporter -->
<testsuite name="com.hybridFramework.PagesOfCorporateDefinitionMakerTest.CreateCorporateMakerTest" tests="14" time="196.433" ignored="0" failures="1" timestamp="02 Sep 2020 15:44:11 GMT" skipped="0" hostname="API-Laptop-065" errors="0">
  <testcase name="toTabContactDetailsPage" time="1.232" classname="com.hybridFramework.PagesOfCorporateDefinitionMakerTest.CreateCorporateMakerTest"/>
  <testcase name="clickonsubmitbuttonAndverifySuccesfullMessagePage" time="1.138" classname="com.hybridFramework.PagesOfCorporateDefinitionMakerTest.CreateCorporateMakerTest">
    <failure type="java.lang.AssertionError" message="expected [Record has been added successfully.] but found [ERROR: Record Not added.
Please try again later.]">
      <![CDATA[java.lang.AssertionError: expected [Record has been added successfully.] but found [ERROR: Record Not added.
Please try again later.]
	at org.testng.Assert.fail(Assert.java:94)
	at org.testng.Assert.failNotEquals(Assert.java:513)
	at org.testng.Assert.assertEqualsImpl(Assert.java:135)
	at org.testng.Assert.assertEquals(Assert.java:116)
	at org.testng.Assert.assertEquals(Assert.java:190)
	at org.testng.Assert.assertEquals(Assert.java:200)
	at com.hybridFramework.PagesOfCorporateDefinitionMaker.CreateCorporateMaker.clickonsubmitbuttonAndverifySuccesfullMessage(CreateCorporateMaker.java:1097)
	at com.hybridFramework.PagesOfCorporateDefinitionMakerTest.CreateCorporateMakerTest.clickonsubmitbuttonAndverifySuccesfullMessagePage(CreateCorporateMakerTest.java:155)
	at sun.reflect.NativeMethodAccessorImpl.invoke0(Native Method)
	at sun.reflect.NativeMethodAccessorImpl.invoke(Unknown Source)
	at sun.reflect.DelegatingMethodAccessorImpl.invoke(Unknown Source)
	at java.lang.reflect.Method.invoke(Unknown Source)
	at org.testng.internal.MethodInvocationHelper.invokeMethod(MethodInvocationHelper.java:104)
	at org.testng.internal.Invoker.invokeMethod(Invoker.java:645)
	at org.testng.internal.Invoker.invokeTestMethod(Invoker.java:851)
	at org.testng.internal.Invoker.invokeTestMethods(Invoker.java:1177)
	at org.testng.internal.TestMethodWorker.invokeTestMethods(TestMethodWorker.java:129)
	at org.testng.internal.TestMethodWorker.run(TestMethodWorker.java:112)
	at org.testng.TestRunner.privateRun(TestRunner.java:756)
	at org.testng.TestRunner.run(TestRunner.java:610)
	at org.testng.SuiteRunner.runTest(SuiteRunner.java:387)
	at org.testng.SuiteRunner.runSequentially(SuiteRunner.java:382)
	at org.testng.SuiteRunner.privateRun(SuiteRunner.java:340)
	at org.testng.SuiteRunner.run(SuiteRunner.java:289)
	at org.testng.SuiteRunnerWorker.runSuite(SuiteRunnerWorker.java:52)
	at org.testng.SuiteRunnerWorker.run(SuiteRunnerWorker.java:86)
	at org.testng.TestNG.runSuitesSequentially(TestNG.java:1293)
	at org.testng.TestNG.runSuitesLocally(TestNG.java:1218)
	at org.testng.TestNG.runSuites(TestNG.java:1133)
	at org.testng.TestNG.run(TestNG.java:1104)
	at org.testng.remote.AbstractRemoteTestNG.run(AbstractRemoteTestNG.java:115)
	at org.testng.remote.RemoteTestNG.initAndRun(RemoteTestNG.java:251)
	at org.testng.remote.RemoteTestNG.main(RemoteTestNG.java:77)
]]>
    </failure>
  </testcase> <!-- clickonsubmitbuttonAndverifySuccesfullMessagePage -->
  <testcase name="switchTowindowModifyViewPageToCreateCorporateMakerPage" time="15.876" classname="com.hybridFramework.PagesOfCorporateDefinitionMakerTest.CreateCorporateMakerTest"/>
  <testcase name="tabDocumentsUploadPage" time="3.009" classname="com.hybridFramework.PagesOfCorporateDefinitionMakerTest.CreateCorporateMakerTest"/>
  <testcase name="verifyCreateCorporateCheckerPageListAfterModificationhasDoneByMaker" time="20.878" classname="com.hybridFramework.PagesOfCorporateDefinitionMakerTest.CreateCorporateMakerTest"/>
  <testcase name="tabProcessingDetailsNewPage" time="14.047" classname="com.hybridFramework.PagesOfCorporateDefinitionMakerTest.CreateCorporateMakerTest"/>
  <testcase name="switchToMainwindow" time="6.740" classname="com.hybridFramework.PagesOfCorporateDefinitionMakerTest.CreateCorporateMakerTest"/>
  <testcase name="goToTheCreateCorporateMakerToVerifyCheckerHasApprovedTheModifyData" time="35.782" classname="com.hybridFramework.PagesOfCorporateDefinitionMakerTest.CreateCorporateMakerTest"/>
  <testcase name="testLoginToCreateCorporateMaker" time="1.820" classname="com.hybridFramework.PagesOfCorporateDefinitionMakerTest.CreateCorporateMakerTest"/>
  <testcase name="loginToCreateCorporateChecker" time="2.636" classname="com.hybridFramework.PagesOfCorporateDefinitionMakerTest.CreateCorporateMakerTest"/>
  <testcase name="gotoMakerPageWhenCheckerApprovedCreateCorporatepage" time="35.054" classname="com.hybridFramework.PagesOfCorporateDefinitionMakerTest.CreateCorporateMakerTest"/>
  <testcase name="testToCreateCorporateMakerPage" time="23.252" classname="com.hybridFramework.PagesOfCorporateDefinitionMakerTest.CreateCorporateMakerTest"/>
  <testcase name="verifyAddcheckerListinAuthorizeCreateCorporateCheckerpage" time="32.561" classname="com.hybridFramework.PagesOfCorporateDefinitionMakerTest.CreateCorporateMakerTest"/>
  <testcase name="testloginToCreateCorporateCheckerPageWhenModify" time="2.408" classname="com.hybridFramework.PagesOfCorporateDefinitionMakerTest.CreateCorporateMakerTest"/>
</testsuite> <!-- com.hybridFramework.PagesOfCorporateDefinitionMakerTest.CreateCorporateMakerTest -->
