<?xml version="1.0" encoding="UTF-8"?>
<!-- Generated by org.testng.reporters.JUnitReportReporter -->
<testsuite name="com.hybridFramework.AddMaker.UpperLimitMakerTest" tests="12" time="167.939" ignored="0" failures="0" timestamp="01 Sep 2020 19:53:37 GMT" skipped="0" hostname="API-Laptop-065" errors="1">
  <testcase name="gotoMakerWhenCheckerApprovedUpperLimitMakerpage" time="28.938" classname="com.hybridFramework.AddMaker.UpperLimitMakerTest"/>
  <testcase name="testloginToUpperLimitCheckerToVerifyCheckerViewPageWhenModifedTheUpperLimit" time="23.178" classname="com.hybridFramework.AddMaker.UpperLimitMakerTest"/>
  <testcase name="verifyAddcheckerListOnUpperLimitCheckerpage" time="3.784" classname="com.hybridFramework.AddMaker.UpperLimitMakerTest"/>
  <testcase name="switchToMainwindow" time="11.629" classname="com.hybridFramework.AddMaker.UpperLimitMakerTest"/>
  <testcase name="goToTheUpperLimitMakerToVerifyCheckerHasApprovedTheModifyData" time="41.395" classname="com.hybridFramework.AddMaker.UpperLimitMakerTest"/>
  <testcase name="testLoginToUpperLimitMaker" time="5.460" classname="com.hybridFramework.AddMaker.UpperLimitMakerTest"/>
  <testcase name="testToUpperLimitMakerPage" time="11.223" classname="com.hybridFramework.AddMaker.UpperLimitMakerTest"/>
  <testcase name="clickonsubmitbuttonAndverifySuccesfullMessagePage" time="0.482" classname="com.hybridFramework.AddMaker.UpperLimitMakerTest"/>
  <testcase name="verifyUpperLimitcheckerPageListAfterModificationhasDoneByMaker" time="0.110" classname="com.hybridFramework.AddMaker.UpperLimitMakerTest">
    <error type="java.lang.ArrayIndexOutOfBoundsException" message="-1">
      <![CDATA[java.lang.ArrayIndexOutOfBoundsException: -1
	at java.util.ArrayList.elementData(Unknown Source)
	at java.util.ArrayList.get(Unknown Source)
	at com.hybridFramework.PageObject.UpperLimitMaker.selectThecheckboxOnCheckerPageWhenModify(UpperLimitMaker.java:630)
	at com.hybridFramework.PageObject.UpperLimitMaker.selectThecheckboxOnCheckerPageWhenModifyMakerDaata(UpperLimitMaker.java:615)
	at com.hybridFramework.AddMaker.UpperLimitMakerTest.verifyUpperLimitcheckerPageListAfterModificationhasDoneByMaker(UpperLimitMakerTest.java:141)
	at sun.reflect.NativeMethodAccessorImpl.invoke0(Native Method)
	at sun.reflect.NativeMethodAccessorImpl.invoke(Unknown Source)
	at sun.reflect.DelegatingMethodAccessorImpl.invoke(Unknown Source)
	at java.lang.reflect.Method.invoke(Unknown Source)
	at org.testng.internal.MethodInvocationHelper.invokeMethod(MethodInvocationHelper.java:104)
	at org.testng.internal.Invoker.invokeMethod(Invoker.java:645)
	at org.testng.internal.Invoker.invokeTestMethod(Invoker.java:851)
	at org.testng.internal.Invoker.invokeTestMethods(Invoker.java:1177)
	at org.testng.internal.TestMethodWorker.invokeTestMethods(TestMethodWorker.java:129)
	at org.testng.internal.TestMethodWorker.run(TestMethodWorker.java:112)
	at org.testng.TestRunner.privateRun(TestRunner.java:756)
	at org.testng.TestRunner.run(TestRunner.java:610)
	at org.testng.SuiteRunner.runTest(SuiteRunner.java:387)
	at org.testng.SuiteRunner.runSequentially(SuiteRunner.java:382)
	at org.testng.SuiteRunner.privateRun(SuiteRunner.java:340)
	at org.testng.SuiteRunner.run(SuiteRunner.java:289)
	at org.testng.SuiteRunnerWorker.runSuite(SuiteRunnerWorker.java:52)
	at org.testng.SuiteRunnerWorker.run(SuiteRunnerWorker.java:86)
	at org.testng.TestNG.runSuitesSequentially(TestNG.java:1293)
	at org.testng.TestNG.runSuitesLocally(TestNG.java:1218)
	at org.testng.TestNG.runSuites(TestNG.java:1133)
	at org.testng.TestNG.run(TestNG.java:1104)
	at org.testng.remote.AbstractRemoteTestNG.run(AbstractRemoteTestNG.java:115)
	at org.testng.remote.RemoteTestNG.initAndRun(RemoteTestNG.java:251)
	at org.testng.remote.RemoteTestNG.main(RemoteTestNG.java:77)
]]>
    </error>
  </testcase> <!-- verifyUpperLimitcheckerPageListAfterModificationhasDoneByMaker -->
  <testcase name="toLoginTotUpperLimitCheckerPage" time="16.145" classname="com.hybridFramework.AddMaker.UpperLimitMakerTest"/>
  <testcase name="testloginToUpperLimitChecker" time="9.737" classname="com.hybridFramework.AddMaker.UpperLimitMakerTest"/>
  <testcase name="switchTowindowModifyViewPageToUpperLimitMakerPage" time="15.858" classname="com.hybridFramework.AddMaker.UpperLimitMakerTest"/>
</testsuite> <!-- com.hybridFramework.AddMaker.UpperLimitMakerTest -->
