<?xml version="1.0" encoding="UTF-8"?>
<!-- Generated by org.testng.reporters.JUnitReportReporter -->
<testsuite name="com.hybridFramework.AddMaker.AddKeywordMakerTest" tests="13" time="3991.226" ignored="0" failures="0" timestamp="24 Jun 2021 17:20:53 GMT" skipped="0" hostname="API-Laptop-065" errors="1">
  <testcase name="clickonsubmitbuttonAndverifySuccesfullMessagePage" time="17.870" classname="com.hybridFramework.AddMaker.AddKeywordMakerTest"/>
  <testcase name="verifyAddcheckerListinCheckerpage" time="3072.572" classname="com.hybridFramework.AddMaker.AddKeywordMakerTest"/>
  <testcase name="switchTowindowModifyViewPageToAddKeyWordMakerPage" time="17.787" classname="com.hybridFramework.AddMaker.AddKeywordMakerTest"/>
  <testcase name="testLoginToKeyWordMakerApplicationAndVerifySuceesfullyMessage" time="25.279" classname="com.hybridFramework.AddMaker.AddKeywordMakerTest"/>
  <testcase name="testloginToKeywordChecker" time="11.248" classname="com.hybridFramework.AddMaker.AddKeywordMakerTest"/>
  <testcase name="verifyKeywordheckerPageListAfterModificationhasDoneByMaker" time="2.310" classname="com.hybridFramework.AddMaker.AddKeywordMakerTest"/>
  <testcase name="switchToWindowByUsingIterator" time="0.008" classname="com.hybridFramework.AddMaker.AddKeywordMakerTest"/>
  <testcase name="goToTheKeywordMakerToVerifyCheckerHasApprovedTheModifyData" time="273.070" classname="com.hybridFramework.AddMaker.AddKeywordMakerTest"/>
  <testcase name="testloginToKeywordCheckerToVerifyCheckerViewPageWhenModifed" time="239.220" classname="com.hybridFramework.AddMaker.AddKeywordMakerTest">
    <error type="org.openqa.selenium.WebDriverException" message="disconnected: Unable to receive message from renderer
  (Session info: chrome=91.0.4472.114)
Build info: version: &#039;3.4.0&#039;, revision: &#039;unknown&#039;, time: &#039;unknown&#039;
System info: host: &#039;API-LAPTOP-065&#039;, ip: &#039;192.168.43.213&#039;, os.name: &#039;Windows 10&#039;, os.arch: &#039;amd64&#039;, os.version: &#039;10.0&#039;, java.version: &#039;1.8.0_121&#039;
Driver info: org.openqa.selenium.chrome.ChromeDriver
Capabilities [{networkConnectionEnabled=false, chrome={chromedriverVersion=91.0.4472.101 (af52a90bf87030dd1523486a1cd3ae25c5d76c9b-refs/branch-heads/4472@{#1462}), userDataDir=C:\Users\GHULAM~1.SAR\AppData\Local\Temp\scoped_dir10604_52357146}, timeouts={implicit=0.0, pageLoad=300000.0, script=30000.0}, pageLoadStrategy=normal, unhandledPromptBehavior=dismiss and notify, strictFileInteractability=false, platform=ANY, proxy=Proxy(), goog:chromeOptions={debuggerAddress=localhost:51903}, acceptInsecureCerts=false, browserVersion=91.0.4472.114, browserName=chrome, javascriptEnabled=true, platformName=windows, setWindowRect=true, webauthn:extension:largeBlob=true, webauthn:virtualAuthenticators=true}]
Session ID: 97126e01f85c9f512f6796eb88c70684">
      <![CDATA[org.openqa.selenium.WebDriverException: disconnected: Unable to receive message from renderer
  (Session info: chrome=91.0.4472.114)
Build info: version: '3.4.0', revision: 'unknown', time: 'unknown'
System info: host: 'API-LAPTOP-065', ip: '192.168.43.213', os.name: 'Windows 10', os.arch: 'amd64', os.version: '10.0', java.version: '1.8.0_121'
Driver info: org.openqa.selenium.chrome.ChromeDriver
Capabilities [{networkConnectionEnabled=false, chrome={chromedriverVersion=91.0.4472.101 (af52a90bf87030dd1523486a1cd3ae25c5d76c9b-refs/branch-heads/4472@{#1462}), userDataDir=C:\Users\GHULAM~1.SAR\AppData\Local\Temp\scoped_dir10604_52357146}, timeouts={implicit=0.0, pageLoad=300000.0, script=30000.0}, pageLoadStrategy=normal, unhandledPromptBehavior=dismiss and notify, strictFileInteractability=false, platform=ANY, proxy=Proxy(), goog:chromeOptions={debuggerAddress=localhost:51903}, acceptInsecureCerts=false, browserVersion=91.0.4472.114, browserName=chrome, javascriptEnabled=true, platformName=windows, setWindowRect=true, webauthn:extension:largeBlob=true, webauthn:virtualAuthenticators=true}]
Session ID: 97126e01f85c9f512f6796eb88c70684
	at sun.reflect.NativeConstructorAccessorImpl.newInstance0(Native Method)
	at sun.reflect.NativeConstructorAccessorImpl.newInstance(Unknown Source)
	at sun.reflect.DelegatingConstructorAccessorImpl.newInstance(Unknown Source)
	at java.lang.reflect.Constructor.newInstance(Unknown Source)
	at org.openqa.selenium.remote.http.W3CHttpResponseCodec.createException(W3CHttpResponseCodec.java:150)
	at org.openqa.selenium.remote.http.W3CHttpResponseCodec.decode(W3CHttpResponseCodec.java:115)
	at org.openqa.selenium.remote.http.W3CHttpResponseCodec.decode(W3CHttpResponseCodec.java:45)
	at org.openqa.selenium.remote.HttpCommandExecutor.execute(HttpCommandExecutor.java:164)
	at org.openqa.selenium.remote.service.DriverCommandExecutor.execute(DriverCommandExecutor.java:82)
	at org.openqa.selenium.remote.RemoteWebDriver.execute(RemoteWebDriver.java:637)
	at org.openqa.selenium.remote.RemoteWebElement.execute(RemoteWebElement.java:272)
	at org.openqa.selenium.remote.RemoteWebElement.getText(RemoteWebElement.java:156)
	at com.hybridFramework.PageObject.AddKeywordMaker.verifySelectDropDonInViewMakerPageWhenModified(AddKeywordMaker.java:900)
	at com.hybridFramework.PageObject.AddKeywordMaker.toVerifytheModifyDataInMakerViewPagByUsingDropDown(AddKeywordMaker.java:885)
	at com.hybridFramework.AddMaker.AddKeywordMakerTest.testloginToKeywordCheckerToVerifyCheckerViewPageWhenModifed(AddKeywordMakerTest.java:212)
	at sun.reflect.NativeMethodAccessorImpl.invoke0(Native Method)
	at sun.reflect.NativeMethodAccessorImpl.invoke(Unknown Source)
	at sun.reflect.DelegatingMethodAccessorImpl.invoke(Unknown Source)
	at java.lang.reflect.Method.invoke(Unknown Source)
	at org.testng.internal.MethodInvocationHelper.invokeMethod(MethodInvocationHelper.java:104)
	at org.testng.internal.Invoker.invokeMethod(Invoker.java:645)
	at org.testng.internal.Invoker.invokeTestMethod(Invoker.java:851)
	at org.testng.internal.Invoker.invokeTestMethods(Invoker.java:1177)
	at org.testng.internal.TestMethodWorker.invokeTestMethods(TestMethodWorker.java:129)
	at org.testng.internal.TestMethodWorker.run(TestMethodWorker.java:112)
	at org.testng.TestRunner.privateRun(TestRunner.java:756)
	at org.testng.TestRunner.run(TestRunner.java:610)
	at org.testng.SuiteRunner.runTest(SuiteRunner.java:387)
	at org.testng.SuiteRunner.runSequentially(SuiteRunner.java:382)
	at org.testng.SuiteRunner.privateRun(SuiteRunner.java:340)
	at org.testng.SuiteRunner.run(SuiteRunner.java:289)
	at org.testng.SuiteRunnerWorker.runSuite(SuiteRunnerWorker.java:52)
	at org.testng.SuiteRunnerWorker.run(SuiteRunnerWorker.java:86)
	at org.testng.TestNG.runSuitesSequentially(TestNG.java:1293)
	at org.testng.TestNG.runSuitesLocally(TestNG.java:1218)
	at org.testng.TestNG.runSuites(TestNG.java:1133)
	at org.testng.TestNG.run(TestNG.java:1104)
	at org.testng.remote.AbstractRemoteTestNG.run(AbstractRemoteTestNG.java:115)
	at org.testng.remote.RemoteTestNG.initAndRun(RemoteTestNG.java:251)
	at org.testng.remote.RemoteTestNG.main(RemoteTestNG.java:77)
]]>
    </error>
  </testcase> <!-- testloginToKeywordCheckerToVerifyCheckerViewPageWhenModifed -->
  <testcase name="tochekerlogin" time="14.925" classname="com.hybridFramework.AddMaker.AddKeywordMakerTest"/>
  <testcase name="testLoginToApplicationKeyWordMaker" time="4.199" classname="com.hybridFramework.AddMaker.AddKeywordMakerTest"/>
  <testcase name="gotoMakerCheckerApprovedCountrypage" time="268.225" classname="com.hybridFramework.AddMaker.AddKeywordMakerTest"/>
  <testcase name="switchToMainwindow" time="44.513" classname="com.hybridFramework.AddMaker.AddKeywordMakerTest"/>
</testsuite> <!-- com.hybridFramework.AddMaker.AddKeywordMakerTest -->
