<?xml version="1.0" encoding="UTF-8"?>
<!-- Generated by org.testng.reporters.JUnitXMLReporter -->
<testsuite hostname="API-Laptop-065" ignored="0" name="FunctionalTest" tests="7" failures="3" timestamp="05 Sep 2020 18:13:09 GMT" time="421.398" errors="0">
  <testcase name="testLoginToApplication" time="2.253" classname="com.hybridFramework.pagesOfTransactionTest.TransactionBulkUploadTest"/>
  <testcase name="testLoginToBulkUploadMaker" time="24.03" classname="com.hybridFramework.pagesOfTransactionTest.TransactionBulkUploadTest"/>
  <testcase name="testtoBulkUploadchecker" time="2.6" classname="com.hybridFramework.pagesOfTransactionTest.TransactionBulkUploadTest"/>
  <testcase name="verifyBulkUploadCheckerpageWhenAdded" time="7.037" classname="com.hybridFramework.pagesOfTransactionTest.TransactionBulkUploadTest"/>
  <testcase name="CorporateTransactionApprovalMakerPage" time="198.187" classname="com.hybridFramework.pagesOfTransactionTest.TransactionBulkUploadTest">
    <failure type="org.openqa.selenium.NoSuchElementException" message="Cannot locate element with text: AL AHLIA_auto_05.xls
For documentation on this error, please visit: http://seleniumhq.org/exceptions/no_such_element.html
Build info: version: &amp;apos;3.4.0&amp;apos;, revision: &amp;apos;unknown&amp;apos;, time: &amp;apos;unknown&amp;apos;
System info: host: &amp;apos;API-LAPTOP-065&amp;apos;, ip: &amp;apos;192.168.0.101&amp;apos;, os.name: &amp;apos;Windows 10&amp;apos;, os.arch: &amp;apos;amd64&amp;apos;, os.version: &amp;apos;10.0&amp;apos;, java.version: &amp;apos;1.8.0_121&amp;apos;
Driver info: driver.version: unknown">
      <![CDATA[org.openqa.selenium.NoSuchElementException: Cannot locate element with text: AL AHLIA_auto_05.xls
For documentation on this error, please visit: http://seleniumhq.org/exceptions/no_such_element.html
Build info: version: '3.4.0', revision: 'unknown', time: 'unknown'
System info: host: 'API-LAPTOP-065', ip: '192.168.0.101', os.name: 'Windows 10', os.arch: 'amd64', os.version: '10.0', java.version: '1.8.0_121'
Driver info: driver.version: unknown
	at org.openqa.selenium.support.ui.Select.selectByVisibleText(Select.java:151)
	at com.hybridFramework.pagesOfTransaction.TransactionBulkUpload.selectFileNameOnMakerPage(TransactionBulkUpload.java:541)
	at com.hybridFramework.pagesOfTransactionTest.TransactionBulkUploadTest.CorporateTransactionApprovalMakerPage(TransactionBulkUploadTest.java:92)
... Removed 25 stack frames]]>
    </failure>
  </testcase> <!-- CorporateTransactionApprovalMakerPage -->
  <testcase name="transactionApprovalCheckaerPage" time="60.064" classname="com.hybridFramework.pagesOfTransactionTest.TransactionBulkUploadTest">
    <failure type="org.openqa.selenium.NoSuchElementException" message="no such element: Unable to locate element: {&amp;quot;method&amp;quot;:&amp;quot;css selector&amp;quot;,&amp;quot;selector&amp;quot;:&amp;quot;#userId&amp;quot;}
  (Session info: chrome=85.0.4183.83)
For documentation on this error, please visit: http://seleniumhq.org/exceptions/no_such_element.html
Build info: version: &amp;apos;3.4.0&amp;apos;, revision: &amp;apos;unknown&amp;apos;, time: &amp;apos;unknown&amp;apos;
System info: host: &amp;apos;API-LAPTOP-065&amp;apos;, ip: &amp;apos;192.168.0.101&amp;apos;, os.name: &amp;apos;Windows 10&amp;apos;, os.arch: &amp;apos;amd64&amp;apos;, os.version: &amp;apos;10.0&amp;apos;, java.version: &amp;apos;1.8.0_121&amp;apos;
Driver info: org.openqa.selenium.chrome.ChromeDriver
Capabilities [{networkConnectionEnabled=false, chrome={chromedriverVersion=85.0.4183.87 (cd6713ebf92fa1cacc0f1a598df280093af0c5d7-refs/branch-heads/4183@{#1689}), userDataDir=C:\Users\GHULAM~1.SAR\AppData\Local\Temp\scoped_dir14108_1209080551}, timeouts={implicit=0.0, pageLoad=300000.0, script=30000.0}, pageLoadStrategy=normal, unhandledPromptBehavior=dismiss and notify, strictFileInteractability=false, platform=ANY, proxy=Proxy(), goog:chromeOptions={debuggerAddress=localhost:55132}, acceptInsecureCerts=false, browserVersion=85.0.4183.83, browserName=chrome, javascriptEnabled=true, platformName=windows, setWindowRect=true, webauthn:virtualAuthenticators=true}]
Session ID: 09bbce634523bf5797ac3c91f6e28635
*** Element info: {Using=id, value=userId}">
      <![CDATA[org.openqa.selenium.NoSuchElementException: no such element: Unable to locate element: {"method":"css selector","selector":"#userId"}
  (Session info: chrome=85.0.4183.83)
For documentation on this error, please visit: http://seleniumhq.org/exceptions/no_such_element.html
Build info: version: '3.4.0', revision: 'unknown', time: 'unknown'
System info: host: 'API-LAPTOP-065', ip: '192.168.0.101', os.name: 'Windows 10', os.arch: 'amd64', os.version: '10.0', java.version: '1.8.0_121'
Driver info: org.openqa.selenium.chrome.ChromeDriver
Capabilities [{networkConnectionEnabled=false, chrome={chromedriverVersion=85.0.4183.87 (cd6713ebf92fa1cacc0f1a598df280093af0c5d7-refs/branch-heads/4183@{#1689}), userDataDir=C:\Users\GHULAM~1.SAR\AppData\Local\Temp\scoped_dir14108_1209080551}, timeouts={implicit=0.0, pageLoad=300000.0, script=30000.0}, pageLoadStrategy=normal, unhandledPromptBehavior=dismiss and notify, strictFileInteractability=false, platform=ANY, proxy=Proxy(), goog:chromeOptions={debuggerAddress=localhost:55132}, acceptInsecureCerts=false, browserVersion=85.0.4183.83, browserName=chrome, javascriptEnabled=true, platformName=windows, setWindowRect=true, webauthn:virtualAuthenticators=true}]
Session ID: 09bbce634523bf5797ac3c91f6e28635
*** Element info: {Using=id, value=userId}
	at org.openqa.selenium.remote.http.W3CHttpResponseCodec.createException(W3CHttpResponseCodec.java:150)
	at org.openqa.selenium.remote.http.W3CHttpResponseCodec.decode(W3CHttpResponseCodec.java:115)
	at org.openqa.selenium.remote.http.W3CHttpResponseCodec.decode(W3CHttpResponseCodec.java:45)
	at org.openqa.selenium.remote.HttpCommandExecutor.execute(HttpCommandExecutor.java:164)
	at org.openqa.selenium.remote.service.DriverCommandExecutor.execute(DriverCommandExecutor.java:82)
	at org.openqa.selenium.remote.RemoteWebDriver.execute(RemoteWebDriver.java:637)
	at org.openqa.selenium.remote.RemoteWebDriver.findElement(RemoteWebDriver.java:410)
	at org.openqa.selenium.remote.RemoteWebDriver.findElementById(RemoteWebDriver.java:453)
	at org.openqa.selenium.By$ById.findElement(By.java:218)
	at org.openqa.selenium.remote.RemoteWebDriver.findElement(RemoteWebDriver.java:402)
	at org.openqa.selenium.support.pagefactory.DefaultElementLocator.findElement(DefaultElementLocator.java:69)
	at org.openqa.selenium.support.pagefactory.internal.LocatingElementHandler.invoke(LocatingElementHandler.java:38)
	at com.sun.proxy.$Proxy9.clear(Unknown Source)
	at com.hybridFramework.pagesOfTransaction.TransactionBulkUpload.enterloginid(TransactionBulkUpload.java:143)
	at com.hybridFramework.pagesOfTransactionTest.TransactionBulkUploadTest.transactionApprovalCheckaerPage(TransactionBulkUploadTest.java:101)
... Removed 29 stack frames]]>
    </failure>
  </testcase> <!-- transactionApprovalCheckaerPage -->
  <testcase name="verifytheTransactionApprovalCheckerPage" time="121.093" classname="com.hybridFramework.pagesOfTransactionTest.TransactionBulkUploadTest">
    <failure type="org.openqa.selenium.NoSuchElementException" message="Cannot locate element with text: AL AHLIA_auto_05.xls
For documentation on this error, please visit: http://seleniumhq.org/exceptions/no_such_element.html
Build info: version: &amp;apos;3.4.0&amp;apos;, revision: &amp;apos;unknown&amp;apos;, time: &amp;apos;unknown&amp;apos;
System info: host: &amp;apos;API-LAPTOP-065&amp;apos;, ip: &amp;apos;192.168.0.101&amp;apos;, os.name: &amp;apos;Windows 10&amp;apos;, os.arch: &amp;apos;amd64&amp;apos;, os.version: &amp;apos;10.0&amp;apos;, java.version: &amp;apos;1.8.0_121&amp;apos;
Driver info: driver.version: unknown">
      <![CDATA[org.openqa.selenium.NoSuchElementException: Cannot locate element with text: AL AHLIA_auto_05.xls
For documentation on this error, please visit: http://seleniumhq.org/exceptions/no_such_element.html
Build info: version: '3.4.0', revision: 'unknown', time: 'unknown'
System info: host: 'API-LAPTOP-065', ip: '192.168.0.101', os.name: 'Windows 10', os.arch: 'amd64', os.version: '10.0', java.version: '1.8.0_121'
Driver info: driver.version: unknown
	at org.openqa.selenium.support.ui.Select.selectByVisibleText(Select.java:151)
	at com.hybridFramework.pagesOfTransaction.TransactionBulkUpload.selectFileOnTransactionApprovalChecker(TransactionBulkUpload.java:641)
	at com.hybridFramework.pagesOfTransactionTest.TransactionBulkUploadTest.verifytheTransactionApprovalCheckerPage(TransactionBulkUploadTest.java:118)
... Removed 25 stack frames]]>
    </failure>
  </testcase> <!-- verifytheTransactionApprovalCheckerPage -->
</testsuite> <!-- FunctionalTest -->
